<?xml version="1.0" encoding="UTF-8"?>
<!-- Generated by org.testng.reporters.JUnitReportReporter -->
<testsuite skipped="0" hostname="MH100031865" name="testngpack.Demojen$TestNGDemo4" tests="1" failures="0" timestamp="15 Mar 2019 11:25:21 GMT" time="0.001" errors="0">
  <testcase name="demo" time="0.001" classname="testngpack.Demojen$TestNGDemo4"/>
</testsuite> <!-- testngpack.Demojen$TestNGDemo4 -->
